{"/Users/matthewglover/FAC8/week4/testing-example/src/math-fns.js":{"path":"/Users/matthewglover/FAC8/week4/testing-example/src/math-fns.js","s":{"1":1,"2":1,"3":1,"4":1,"5":1,"6":0,"7":1,"8":0,"9":1},"b":{},"f":{"1":1,"2":1,"3":0,"4":0},"fnMap":{"1":{"name":"add","line":1,"loc":{"start":{"line":1,"column":0},"end":{"line":1,"column":19}}},"2":{"name":"mult","line":5,"loc":{"start":{"line":5,"column":0},"end":{"line":5,"column":20}}},"3":{"name":"div","line":9,"loc":{"start":{"line":9,"column":0},"end":{"line":9,"column":19}}},"4":{"name":"rem","line":13,"loc":{"start":{"line":13,"column":0},"end":{"line":13,"column":19}}}},"statementMap":{"1":{"start":{"line":1,"column":0},"end":{"line":3,"column":1}},"2":{"start":{"line":2,"column":2},"end":{"line":2,"column":15}},"3":{"start":{"line":5,"column":0},"end":{"line":7,"column":1}},"4":{"start":{"line":6,"column":2},"end":{"line":6,"column":15}},"5":{"start":{"line":9,"column":0},"end":{"line":11,"column":1}},"6":{"start":{"line":10,"column":2},"end":{"line":10,"column":15}},"7":{"start":{"line":13,"column":0},"end":{"line":15,"column":1}},"8":{"start":{"line":14,"column":2},"end":{"line":14,"column":37}},"9":{"start":{"line":17,"column":0},"end":{"line":22,"column":2}}},"branchMap":{}}}